<?xml version="1.0" encoding="UTF-8"?>
<!-- Generated by org.testng.reporters.JUnitReportReporter -->
<testsuite skipped="0" hostname="DESKTOP-ALJRDDP" name="testNG.MyFirstTestNG" tests="1" failures="0" timestamp="06 Aug 2023 17:09:05 GMT" time="0.011" errors="0">
  <testcase name="f" time="0.011" classname="testNG.MyFirstTestNG"/>
</testsuite> <!-- testNG.MyFirstTestNG -->
